<?xml version="1.0" encoding="UTF-8"?>
<coverage generated="1721887493221" clover="3.2.0">
  <project timestamp="1721887493221" name="All files">
    <metrics statements="350" coveredstatements="262" conditionals="105" coveredconditionals="71" methods="51" coveredmethods="38" elements="506" coveredelements="371" complexity="0" loc="350" ncloc="350" packages="3" files="6" classes="6"/>
    <package name="app">
      <metrics statements="93" coveredstatements="64" conditionals="8" coveredconditionals="0" methods="12" coveredmethods="4"/>
      <file name="app.ts" path="/usr/src/app/app.ts">
        <metrics statements="12" coveredstatements="12" conditionals="0" coveredconditionals="0" methods="1" coveredmethods="1"/>
        <line num="1" count="2" type="stmt"/>
        <line num="3" count="2" type="stmt"/>
        <line num="4" count="2" type="stmt"/>
        <line num="5" count="2" type="stmt"/>
        <line num="7" count="2" type="stmt"/>
        <line num="9" count="10" type="stmt"/>
        <line num="12" count="10" type="stmt"/>
        <line num="13" count="10" type="stmt"/>
        <line num="16" count="10" type="stmt"/>
        <line num="17" count="10" type="stmt"/>
        <line num="19" count="10" type="stmt"/>
        <line num="22" count="2" type="stmt"/>
      </file>
      <file name="databaseModels.ts" path="/usr/src/app/databaseModels.ts">
        <metrics statements="38" coveredstatements="38" conditionals="0" coveredconditionals="0" methods="1" coveredmethods="1"/>
        <line num="1" count="2" type="stmt"/>
        <line num="3" count="2" type="stmt"/>
        <line num="10" count="20" type="stmt"/>
        <line num="42" count="20" type="stmt"/>
        <line num="65" count="20" type="stmt"/>
        <line num="68" count="20" type="stmt"/>
        <line num="74" count="20" type="stmt"/>
        <line num="90" count="20" type="stmt"/>
        <line num="109" count="20" type="stmt"/>
        <line num="132" count="20" type="stmt"/>
        <line num="135" count="20" type="stmt"/>
        <line num="141" count="20" type="stmt"/>
        <line num="144" count="20" type="stmt"/>
        <line num="150" count="20" type="stmt"/>
        <line num="166" count="20" type="stmt"/>
        <line num="186" count="20" type="stmt"/>
        <line num="201" count="20" type="stmt"/>
        <line num="224" count="20" type="stmt"/>
        <line num="227" count="20" type="stmt"/>
        <line num="232" count="20" type="stmt"/>
        <line num="235" count="20" type="stmt"/>
        <line num="240" count="20" type="stmt"/>
        <line num="243" count="20" type="stmt"/>
        <line num="249" count="20" type="stmt"/>
        <line num="272" count="20" type="stmt"/>
        <line num="287" count="20" type="stmt"/>
        <line num="307" count="20" type="stmt"/>
        <line num="336" count="20" type="stmt"/>
        <line num="337" count="20" type="stmt"/>
        <line num="342" count="20" type="stmt"/>
        <line num="345" count="20" type="stmt"/>
        <line num="351" count="20" type="stmt"/>
        <line num="354" count="20" type="stmt"/>
        <line num="360" count="20" type="stmt"/>
        <line num="363" count="20" type="stmt"/>
        <line num="369" count="20" type="stmt"/>
        <line num="372" count="20" type="stmt"/>
        <line num="376" count="20" type="stmt"/>
      </file>
      <file name="setup_database.ts" path="/usr/src/app/setup_database.ts">
        <metrics statements="43" coveredstatements="14" conditionals="8" coveredconditionals="0" methods="10" coveredmethods="2"/>
        <line num="1" count="2" type="stmt"/>
        <line num="2" count="2" type="stmt"/>
        <line num="3" count="2" type="stmt"/>
        <line num="7" count="10" type="stmt"/>
        <line num="8" count="10" type="stmt"/>
        <line num="10" count="10" type="stmt"/>
        <line num="13" count="10" type="stmt"/>
        <line num="16" count="0" type="stmt"/>
        <line num="19" count="10" type="stmt"/>
        <line num="22" count="0" type="stmt"/>
        <line num="27" count="10" type="stmt"/>
        <line num="32" count="0" type="stmt"/>
        <line num="37" count="10" type="stmt"/>
        <line num="40" count="0" type="stmt"/>
        <line num="45" count="10" type="stmt"/>
        <line num="48" count="0" type="stmt"/>
        <line num="50" count="10" type="stmt"/>
        <line num="53" count="0" type="stmt"/>
        <line num="78" count="0" type="stmt"/>
        <line num="79" count="0" type="cond" truecount="0" falsecount="2"/>
        <line num="80" count="0" type="stmt"/>
        <line num="81" count="0" type="stmt"/>
        <line num="83" count="0" type="stmt"/>
        <line num="86" count="0" type="stmt"/>
        <line num="89" count="0" type="stmt"/>
        <line num="94" count="2" type="cond" truecount="0" falsecount="1"/>
        <line num="96" count="0" type="stmt"/>
        <line num="97" count="0" type="stmt"/>
        <line num="98" count="0" type="cond" truecount="0" falsecount="1"/>
        <line num="99" count="0" type="stmt"/>
        <line num="101" count="0" type="cond" truecount="0" falsecount="1"/>
        <line num="102" count="0" type="stmt"/>
        <line num="104" count="0" type="stmt"/>
        <line num="110" count="0" type="stmt"/>
        <line num="113" count="0" type="stmt"/>
        <line num="114" count="0" type="stmt"/>
        <line num="115" count="0" type="stmt"/>
        <line num="117" count="0" type="cond" truecount="0" falsecount="2"/>
        <line num="118" count="0" type="stmt"/>
        <line num="119" count="0" type="cond" truecount="0" falsecount="1"/>
        <line num="120" count="0" type="stmt"/>
        <line num="122" count="0" type="stmt"/>
        <line num="128" count="2" type="stmt"/>
      </file>
    </package>
    <package name="app.routes">
      <metrics statements="237" coveredstatements="180" conditionals="96" coveredconditionals="70" methods="33" coveredmethods="30"/>
      <file name="exampleRoute.ts" path="/usr/src/app/routes/exampleRoute.ts">
        <metrics statements="5" coveredstatements="5" conditionals="0" coveredconditionals="0" methods="1" coveredmethods="1"/>
        <line num="1" count="2" type="stmt"/>
        <line num="2" count="2" type="stmt"/>
        <line num="5" count="2" type="stmt"/>
        <line num="6" count="1" type="stmt"/>
        <line num="9" count="2" type="stmt"/>
      </file>
      <file name="retailerRoute.ts" path="/usr/src/app/routes/retailerRoute.ts">
        <metrics statements="232" coveredstatements="175" conditionals="96" coveredconditionals="70" methods="32" coveredmethods="29"/>
        <line num="1" count="2" type="stmt"/>
        <line num="2" count="2" type="stmt"/>
        <line num="3" count="2" type="stmt"/>
        <line num="5" count="2" type="stmt"/>
        <line num="7" count="2" type="stmt"/>
        <line num="9" count="2" type="stmt"/>
        <line num="13" count="2" type="cond" truecount="6" falsecount="0"/>
        <line num="14" count="1" type="stmt"/>
        <line num="23" count="1" type="stmt"/>
        <line num="27" count="2" type="stmt"/>
        <line num="32" count="2" type="stmt"/>
        <line num="46" count="4" type="stmt"/>
        <line num="52" count="2" type="stmt"/>
        <line num="54" count="2" type="stmt"/>
        <line num="63" count="5" type="stmt"/>
        <line num="65" count="5" type="stmt"/>
        <line num="67" count="5" type="stmt"/>
        <line num="70" count="5" type="cond" truecount="4" falsecount="0"/>
        <line num="71" count="3" type="stmt"/>
        <line num="74" count="2" type="cond" truecount="1" falsecount="1"/>
        <line num="75" count="0" type="stmt"/>
        <line num="78" count="2" type="cond" truecount="1" falsecount="1"/>
        <line num="79" count="0" type="stmt"/>
        <line num="83" count="2" type="stmt"/>
        <line num="90" count="5" type="cond" truecount="3" falsecount="1"/>
        <line num="91" count="0" type="stmt"/>
        <line num="94" count="5" type="cond" truecount="2" falsecount="0"/>
        <line num="95" count="2" type="stmt"/>
        <line num="101" count="3" type="cond" truecount="2" falsecount="0"/>
        <line num="102" count="2" type="stmt"/>
        <line num="110" count="1" type="stmt"/>
        <line num="129" count="1" type="stmt"/>
        <line num="130" count="1" type="stmt"/>
        <line num="138" count="5" type="stmt"/>
        <line num="170" count="10" type="stmt"/>
        <line num="171" count="10" type="stmt"/>
        <line num="172" count="10" type="stmt"/>
        <line num="174" count="10" type="stmt"/>
        <line num="177" count="10" type="stmt"/>
        <line num="178" count="10" type="cond" truecount="1" falsecount="0"/>
        <line num="180" count="5" type="cond" truecount="1" falsecount="0"/>
        <line num="181" count="1" type="stmt"/>
        <line num="184" count="4" type="stmt"/>
        <line num="188" count="9" type="cond" truecount="1" falsecount="0"/>
        <line num="189" count="1" type="stmt"/>
        <line num="192" count="8" type="cond" truecount="1" falsecount="0"/>
        <line num="193" count="2" type="stmt"/>
        <line num="197" count="8" type="cond" truecount="1" falsecount="0"/>
        <line num="198" count="1" type="stmt"/>
        <line num="204" count="7" type="cond" truecount="1" falsecount="0"/>
        <line num="205" count="1" type="stmt"/>
        <line num="211" count="6" type="cond" truecount="1" falsecount="0"/>
        <line num="212" count="1" type="stmt"/>
        <line num="215" count="5" type="stmt"/>
        <line num="216" count="5" type="stmt"/>
        <line num="218" count="5" type="stmt"/>
        <line num="226" count="5" type="stmt"/>
        <line num="227" count="5" type="cond" truecount="2" falsecount="0"/>
        <line num="228" count="2" type="stmt"/>
        <line num="229" count="3" type="cond" truecount="2" falsecount="0"/>
        <line num="230" count="1" type="stmt"/>
        <line num="232" count="2" type="stmt"/>
        <line num="236" count="5" type="stmt"/>
        <line num="261" count="5" type="stmt"/>
        <line num="268" count="5" type="cond" truecount="1" falsecount="0"/>
        <line num="269" count="4" type="stmt"/>
        <line num="273" count="5" type="stmt"/>
        <line num="274" count="16" type="stmt"/>
        <line num="277" count="16" type="stmt"/>
        <line num="280" count="5" type="stmt"/>
        <line num="282" count="0" type="stmt"/>
        <line num="283" count="0" type="stmt"/>
        <line num="328" count="9" type="stmt"/>
        <line num="329" count="9" type="stmt"/>
        <line num="330" count="9" type="stmt"/>
        <line num="332" count="9" type="stmt"/>
        <line num="335" count="9" type="stmt"/>
        <line num="336" count="9" type="cond" truecount="2" falsecount="0"/>
        <line num="338" count="4" type="cond" truecount="1" falsecount="0"/>
        <line num="339" count="1" type="stmt"/>
        <line num="342" count="3" type="stmt"/>
        <line num="344" count="5" type="stmt"/>
        <line num="350" count="8" type="stmt"/>
        <line num="351" count="8" type="stmt"/>
        <line num="354" count="8" type="cond" truecount="1" falsecount="0"/>
        <line num="355" count="1" type="stmt"/>
        <line num="359" count="7" type="cond" truecount="1" falsecount="0"/>
        <line num="360" count="2" type="stmt"/>
        <line num="364" count="7" type="cond" truecount="1" falsecount="0"/>
        <line num="365" count="1" type="stmt"/>
        <line num="371" count="6" type="cond" truecount="1" falsecount="0"/>
        <line num="372" count="1" type="stmt"/>
        <line num="378" count="5" type="cond" truecount="1" falsecount="0"/>
        <line num="379" count="1" type="stmt"/>
        <line num="383" count="4" type="stmt"/>
        <line num="391" count="4" type="stmt"/>
        <line num="394" count="4" type="cond" truecount="2" falsecount="0"/>
        <line num="395" count="1" type="stmt"/>
        <line num="396" count="3" type="cond" truecount="2" falsecount="0"/>
        <line num="397" count="1" type="stmt"/>
        <line num="399" count="2" type="stmt"/>
        <line num="403" count="4" type="stmt"/>
        <line num="432" count="4" type="stmt"/>
        <line num="439" count="4" type="cond" truecount="1" falsecount="0"/>
        <line num="440" count="3" type="stmt"/>
        <line num="445" count="4" type="stmt"/>
        <line num="446" count="10" type="stmt"/>
        <line num="447" count="10" type="stmt"/>
        <line num="448" count="10" type="stmt"/>
        <line num="452" count="10" type="cond" truecount="1" falsecount="0"/>
        <line num="453" count="4" type="stmt"/>
        <line num="460" count="10" type="stmt"/>
        <line num="464" count="4" type="stmt"/>
        <line num="466" count="4" type="stmt"/>
        <line num="468" count="0" type="stmt"/>
        <line num="469" count="0" type="stmt"/>
        <line num="514" count="2" type="stmt"/>
        <line num="515" count="0" type="stmt"/>
        <line num="516" count="0" type="stmt"/>
        <line num="518" count="0" type="stmt"/>
        <line num="521" count="0" type="stmt"/>
        <line num="522" count="0" type="cond" truecount="0" falsecount="2"/>
        <line num="524" count="0" type="cond" truecount="0" falsecount="1"/>
        <line num="525" count="0" type="stmt"/>
        <line num="528" count="0" type="stmt"/>
        <line num="530" count="0" type="stmt"/>
        <line num="536" count="0" type="stmt"/>
        <line num="537" count="0" type="stmt"/>
        <line num="540" count="0" type="cond" truecount="0" falsecount="1"/>
        <line num="541" count="0" type="stmt"/>
        <line num="545" count="0" type="cond" truecount="0" falsecount="1"/>
        <line num="546" count="0" type="stmt"/>
        <line num="550" count="0" type="cond" truecount="0" falsecount="1"/>
        <line num="551" count="0" type="stmt"/>
        <line num="557" count="0" type="cond" truecount="0" falsecount="1"/>
        <line num="558" count="0" type="stmt"/>
        <line num="564" count="0" type="cond" truecount="0" falsecount="1"/>
        <line num="565" count="0" type="stmt"/>
        <line num="569" count="0" type="stmt"/>
        <line num="577" count="0" type="stmt"/>
        <line num="580" count="0" type="cond" truecount="0" falsecount="2"/>
        <line num="581" count="0" type="stmt"/>
        <line num="582" count="0" type="cond" truecount="0" falsecount="2"/>
        <line num="583" count="0" type="stmt"/>
        <line num="585" count="0" type="stmt"/>
        <line num="589" count="0" type="stmt"/>
        <line num="616" count="0" type="cond" truecount="0" falsecount="3"/>
        <line num="617" count="0" type="stmt"/>
        <line num="623" count="0" type="stmt"/>
        <line num="630" count="0" type="cond" truecount="0" falsecount="1"/>
        <line num="631" count="0" type="stmt"/>
        <line num="636" count="0" type="stmt"/>
        <line num="637" count="0" type="stmt"/>
        <line num="638" count="0" type="stmt"/>
        <line num="639" count="0" type="stmt"/>
        <line num="643" count="0" type="cond" truecount="0" falsecount="1"/>
        <line num="644" count="0" type="stmt"/>
        <line num="651" count="0" type="stmt"/>
        <line num="655" count="0" type="stmt"/>
        <line num="657" count="0" type="stmt"/>
        <line num="659" count="0" type="stmt"/>
        <line num="660" count="0" type="stmt"/>
        <line num="664" count="3" type="stmt"/>
        <line num="665" count="3" type="stmt"/>
        <line num="666" count="3" type="stmt"/>
        <line num="668" count="3" type="cond" truecount="0" falsecount="1"/>
        <line num="672" count="0" type="stmt"/>
        <line num="677" count="3" type="stmt"/>
        <line num="680" count="3" type="cond" truecount="1" falsecount="0"/>
        <line num="681" count="2" type="stmt"/>
        <line num="683" count="3" type="cond" truecount="1" falsecount="0"/>
        <line num="684" count="1" type="stmt"/>
        <line num="687" count="3" type="stmt"/>
        <line num="693" count="3" type="stmt"/>
        <line num="699" count="3" type="stmt"/>
        <line num="700" count="9" type="stmt"/>
        <line num="702" count="3" type="stmt"/>
        <line num="703" count="10" type="stmt"/>
        <line num="706" count="12" type="stmt"/>
        <line num="710" count="13" type="stmt"/>
        <line num="715" count="3" type="stmt"/>
        <line num="721" count="5" type="stmt"/>
        <line num="723" count="5" type="stmt"/>
        <line num="725" count="5" type="stmt"/>
        <line num="728" count="5" type="cond" truecount="2" falsecount="0"/>
        <line num="729" count="5" type="stmt"/>
        <line num="734" count="5" type="cond" truecount="0" falsecount="1"/>
        <line num="735" count="0" type="stmt"/>
        <line num="739" count="5" type="stmt"/>
        <line num="740" count="5" type="stmt"/>
        <line num="741" count="5" type="stmt"/>
        <line num="743" count="5" type="stmt"/>
        <line num="744" count="5" type="cond" truecount="0" falsecount="1"/>
        <line num="745" count="0" type="stmt"/>
        <line num="749" count="5" type="stmt"/>
        <line num="750" count="5" type="stmt"/>
        <line num="751" count="5" type="cond" truecount="2" falsecount="1"/>
        <line num="757" count="3" type="stmt"/>
        <line num="762" count="3" type="cond" truecount="1" falsecount="0"/>
        <line num="763" count="2" type="stmt"/>
        <line num="765" count="3" type="stmt"/>
        <line num="769" count="3" type="stmt"/>
        <line num="770" count="4" type="stmt"/>
        <line num="776" count="4" type="cond" truecount="3" falsecount="0"/>
        <line num="777" count="2" type="stmt"/>
        <line num="788" count="3" type="stmt"/>
        <line num="791" count="2" type="stmt"/>
        <line num="795" count="2" type="cond" truecount="1" falsecount="0"/>
        <line num="796" count="1" type="stmt"/>
        <line num="805" count="2" type="stmt"/>
        <line num="807" count="0" type="stmt"/>
        <line num="811" count="5" type="stmt"/>
        <line num="816" count="4" type="stmt"/>
        <line num="818" count="4" type="stmt"/>
        <line num="819" count="4" type="stmt"/>
        <line num="823" count="4" type="cond" truecount="4" falsecount="0"/>
        <line num="824" count="1" type="stmt"/>
        <line num="827" count="3" type="cond" truecount="2" falsecount="0"/>
        <line num="829" count="1" type="stmt"/>
        <line num="840" count="2" type="cond" truecount="2" falsecount="0"/>
        <line num="842" count="1" type="stmt"/>
        <line num="855" count="1" type="stmt"/>
        <line num="866" count="3" type="stmt"/>
        <line num="867" count="4" type="stmt"/>
        <line num="877" count="3" type="stmt"/>
        <line num="882" count="2" type="stmt"/>
        <line num="883" count="1" type="stmt"/>
        <line num="885" count="1" type="stmt"/>
        <line num="886" count="1" type="stmt"/>
        <line num="887" count="1" type="stmt"/>
        <line num="891" count="0" type="stmt"/>
        <line num="897" count="2" type="stmt"/>
      </file>
    </package>
    <package name="app.tests">
      <metrics statements="20" coveredstatements="18" conditionals="1" coveredconditionals="1" methods="6" coveredmethods="4"/>
      <file name="testDb.ts" path="/usr/src/app/tests/testDb.ts">
        <metrics statements="20" coveredstatements="18" conditionals="1" coveredconditionals="1" methods="6" coveredmethods="4"/>
        <line num="1" count="2" type="stmt"/>
        <line num="2" count="2" type="stmt"/>
        <line num="3" count="2" type="stmt"/>
        <line num="10" count="10" type="stmt"/>
        <line num="12" count="10" type="stmt"/>
        <line num="13" count="10" type="stmt"/>
        <line num="14" count="10" type="stmt"/>
        <line num="15" count="0" type="stmt"/>
        <line num="17" count="10" type="stmt"/>
        <line num="18" count="10" type="stmt"/>
        <line num="21" count="10" type="stmt"/>
        <line num="22" count="10" type="stmt"/>
        <line num="30" count="10" type="stmt"/>
        <line num="32" count="10" type="cond" truecount="1" falsecount="0"/>
        <line num="33" count="10" type="stmt"/>
        <line num="36" count="10" type="stmt"/>
        <line num="37" count="10" type="stmt"/>
        <line num="38" count="10" type="stmt"/>
        <line num="39" count="0" type="stmt"/>
        <line num="41" count="10" type="stmt"/>
      </file>
    </package>
  </project>
</coverage>
