{"/usr/src/app/app.ts": {"path":"/usr/src/app/app.ts","statementMap":{"0":{"start":{"line":1,"column":0},"end":{"line":1,"column":30}},"1":{"start":{"line":3,"column":0},"end":{"line":3,"column":49}},"2":{"start":{"line":4,"column":0},"end":{"line":4,"column":51}},"3":{"start":{"line":5,"column":0},"end":{"line":5,"column":48}},"4":{"start":{"line":7,"column":12},"end":{"line":20,"column":1}},"5":{"start":{"line":9,"column":17},"end":{"line":9,"column":40}},"6":{"start":{"line":12,"column":14},"end":{"line":12,"column":23}},"7":{"start":{"line":13,"column":2},"end":{"line":13,"column":28}},"8":{"start":{"line":16,"column":2},"end":{"line":16,"column":29}},"9":{"start":{"line":17,"column":2},"end":{"line":17,"column":38}},"10":{"start":{"line":19,"column":2},"end":{"line":19,"column":13}},"11":{"start":{"line":22,"column":0},"end":{"line":22,"column":19}}},"fnMap":{"0":{"name":"(anonymous_1)","decl":{"start":{"line":7,"column":12},"end":{"line":7,"column":13}},"loc":{"start":{"line":7,"column":37},"end":{"line":20,"column":1}}}},"branchMap":{},"s":{"0":2,"1":2,"2":2,"3":2,"4":2,"5":10,"6":10,"7":10,"8":10,"9":10,"10":10,"11":2},"f":{"0":10},"b":{}}
,"/usr/src/app/databaseModels.ts": {"path":"/usr/src/app/databaseModels.ts","statementMap":{"0":{"start":{"line":1,"column":0},"end":{"line":1,"column":49}},"1":{"start":{"line":3,"column":28},"end":{"line":392,"column":1}},"2":{"start":{"line":10,"column":17},"end":{"line":40,"column":null}},"3":{"start":{"line":42,"column":28},"end":{"line":60,"column":null}},"4":{"start":{"line":65,"column":2},"end":{"line":67,"column":5}},"5":{"start":{"line":68,"column":2},"end":{"line":70,"column":5}},"6":{"start":{"line":74,"column":23},"end":{"line":88,"column":null}},"7":{"start":{"line":90,"column":19},"end":{"line":107,"column":null}},"8":{"start":{"line":109,"column":30},"end":{"line":127,"column":null}},"9":{"start":{"line":132,"column":2},"end":{"line":134,"column":5}},"10":{"start":{"line":135,"column":2},"end":{"line":137,"column":5}},"11":{"start":{"line":141,"column":2},"end":{"line":143,"column":5}},"12":{"start":{"line":144,"column":2},"end":{"line":146,"column":5}},"13":{"start":{"line":150,"column":20},"end":{"line":164,"column":null}},"14":{"start":{"line":166,"column":24},"end":{"line":184,"column":null}},"15":{"start":{"line":186,"column":26},"end":{"line":199,"column":null}},"16":{"start":{"line":201,"column":27},"end":{"line":219,"column":null}},"17":{"start":{"line":224,"column":2},"end":{"line":226,"column":5}},"18":{"start":{"line":227,"column":2},"end":{"line":229,"column":5}},"19":{"start":{"line":232,"column":2},"end":{"line":234,"column":5}},"20":{"start":{"line":235,"column":2},"end":{"line":237,"column":5}},"21":{"start":{"line":240,"column":2},"end":{"line":242,"column":5}},"22":{"start":{"line":243,"column":2},"end":{"line":245,"column":5}},"23":{"start":{"line":249,"column":19},"end":{"line":270,"column":null}},"24":{"start":{"line":272,"column":15},"end":{"line":285,"column":null}},"25":{"start":{"line":287,"column":18},"end":{"line":304,"column":null}},"26":{"start":{"line":307,"column":22},"end":{"line":332,"column":null}},"27":{"start":{"line":336,"column":2},"end":{"line":336,"column":80}},"28":{"start":{"line":337,"column":2},"end":{"line":339,"column":5}},"29":{"start":{"line":342,"column":2},"end":{"line":344,"column":5}},"30":{"start":{"line":345,"column":2},"end":{"line":347,"column":5}},"31":{"start":{"line":351,"column":2},"end":{"line":353,"column":5}},"32":{"start":{"line":354,"column":2},"end":{"line":356,"column":5}},"33":{"start":{"line":360,"column":2},"end":{"line":362,"column":5}},"34":{"start":{"line":363,"column":2},"end":{"line":365,"column":5}},"35":{"start":{"line":369,"column":2},"end":{"line":371,"column":5}},"36":{"start":{"line":372,"column":2},"end":{"line":374,"column":5}},"37":{"start":{"line":376,"column":2},"end":{"line":391,"column":4}},"38":{"start":{"line":3,"column":13},"end":{"line":3,"column":28}}},"fnMap":{"0":{"name":"(anonymous_0)","decl":{"start":{"line":3,"column":28},"end":{"line":3,"column":29}},"loc":{"start":{"line":3,"column":53},"end":{"line":392,"column":1}}}},"branchMap":{},"s":{"0":2,"1":2,"2":20,"3":20,"4":20,"5":20,"6":20,"7":20,"8":20,"9":20,"10":20,"11":20,"12":20,"13":20,"14":20,"15":20,"16":20,"17":20,"18":20,"19":20,"20":20,"21":20,"22":20,"23":20,"24":20,"25":20,"26":20,"27":20,"28":20,"29":20,"30":20,"31":20,"32":20,"33":20,"34":20,"35":20,"36":20,"37":20,"38":2},"f":{"0":20},"b":{}}
,"/usr/src/app/setup_database.ts": {"path":"/usr/src/app/setup_database.ts","statementMap":{"0":{"start":{"line":1,"column":0},"end":{"line":1,"column":38}},"1":{"start":{"line":2,"column":0},"end":{"line":2,"column":48}},"2":{"start":{"line":3,"column":0},"end":{"line":3,"column":25}},"3":{"start":{"line":7,"column":17},"end":{"line":7,"column":40}},"4":{"start":{"line":8,"column":2},"end":{"line":8,"column":31}},"5":{"start":{"line":10,"column":2},"end":{"line":17,"column":7}},"6":{"start":{"line":13,"column":6},"end":{"line":13,"column":44}},"7":{"start":{"line":16,"column":6},"end":{"line":16,"column":63}},"8":{"start":{"line":19,"column":2},"end":{"line":26,"column":7}},"9":{"start":{"line":22,"column":6},"end":{"line":25,"column":8}},"10":{"start":{"line":27,"column":2},"end":{"line":36,"column":7}},"11":{"start":{"line":32,"column":6},"end":{"line":35,"column":8}},"12":{"start":{"line":37,"column":2},"end":{"line":44,"column":7}},"13":{"start":{"line":40,"column":6},"end":{"line":43,"column":8}},"14":{"start":{"line":45,"column":2},"end":{"line":49,"column":7}},"15":{"start":{"line":48,"column":6},"end":{"line":48,"column":78}},"16":{"start":{"line":50,"column":2},"end":{"line":54,"column":7}},"17":{"start":{"line":53,"column":6},"end":{"line":53,"column":75}},"18":{"start":{"line":78,"column":2},"end":{"line":91,"column":3}},"19":{"start":{"line":79,"column":4},"end":{"line":90,"column":5}},"20":{"start":{"line":80,"column":6},"end":{"line":87,"column":7}},"21":{"start":{"line":81,"column":8},"end":{"line":81,"column":68}},"22":{"start":{"line":83,"column":8},"end":{"line":85,"column":10}},"23":{"start":{"line":86,"column":8},"end":{"line":86,"column":16}},"24":{"start":{"line":89,"column":6},"end":{"line":89,"column":64}},"25":{"start":{"line":94,"column":0},"end":{"line":126,"column":1}},"26":{"start":{"line":96,"column":43},"end":{"line":96,"column":67}},"27":{"start":{"line":97,"column":44},"end":{"line":97,"column":69}},"28":{"start":{"line":98,"column":2},"end":{"line":100,"column":3}},"29":{"start":{"line":99,"column":4},"end":{"line":99,"column":69}},"30":{"start":{"line":101,"column":2},"end":{"line":103,"column":3}},"31":{"start":{"line":102,"column":4},"end":{"line":102,"column":66}},"32":{"start":{"line":104,"column":20},"end":{"line":109,"column":4}},"33":{"start":{"line":110,"column":2},"end":{"line":125,"column":4}},"34":{"start":{"line":113,"column":6},"end":{"line":123,"column":7}},"35":{"start":{"line":114,"column":21},"end":{"line":114,"column":71}},"36":{"start":{"line":115,"column":8},"end":{"line":115,"column":42}},"37":{"start":{"line":117,"column":8},"end":{"line":121,"column":9}},"38":{"start":{"line":118,"column":10},"end":{"line":118,"column":62}},"39":{"start":{"line":119,"column":15},"end":{"line":121,"column":9}},"40":{"start":{"line":120,"column":10},"end":{"line":120,"column":61}},"41":{"start":{"line":122,"column":8},"end":{"line":122,"column":16}},"42":{"start":{"line":128,"column":0},"end":{"line":128,"column":29}}},"fnMap":{"0":{"name":"setupDatabase","decl":{"start":{"line":5,"column":15},"end":{"line":5,"column":28}},"loc":{"start":{"line":5,"column":49},"end":{"line":55,"column":null}}},"1":{"name":"(anonymous_10)","decl":{"start":{"line":12,"column":10},"end":{"line":12,"column":13}},"loc":{"start":{"line":12,"column":15},"end":{"line":14,"column":5}}},"2":{"name":"(anonymous_11)","decl":{"start":{"line":15,"column":11},"end":{"line":15,"column":12}},"loc":{"start":{"line":15,"column":21},"end":{"line":17,"column":5}}},"3":{"name":"(anonymous_12)","decl":{"start":{"line":21,"column":11},"end":{"line":21,"column":12}},"loc":{"start":{"line":21,"column":21},"end":{"line":26,"column":5}}},"4":{"name":"(anonymous_13)","decl":{"start":{"line":31,"column":11},"end":{"line":31,"column":12}},"loc":{"start":{"line":31,"column":21},"end":{"line":36,"column":5}}},"5":{"name":"(anonymous_14)","decl":{"start":{"line":39,"column":11},"end":{"line":39,"column":12}},"loc":{"start":{"line":39,"column":21},"end":{"line":44,"column":5}}},"6":{"name":"(anonymous_15)","decl":{"start":{"line":47,"column":11},"end":{"line":47,"column":12}},"loc":{"start":{"line":47,"column":21},"end":{"line":49,"column":5}}},"7":{"name":"(anonymous_16)","decl":{"start":{"line":52,"column":11},"end":{"line":52,"column":12}},"loc":{"start":{"line":52,"column":21},"end":{"line":54,"column":5}}},"8":{"name":"loadDatabaseJSON","decl":{"start":{"line":77,"column":15},"end":{"line":77,"column":31}},"loc":{"start":{"line":77,"column":65},"end":{"line":92,"column":null}}},"9":{"name":"(anonymous_19)","decl":{"start":{"line":112,"column":4},"end":{"line":112,"column":7}},"loc":{"start":{"line":112,"column":9},"end":{"line":124,"column":5}}}},"branchMap":{"0":{"loc":{"start":{"line":79,"column":4},"end":{"line":90,"column":5}},"type":"if","locations":[{"start":{"line":79,"column":4},"end":{"line":90,"column":5}},{"start":{"line":88,"column":11},"end":{"line":90,"column":5}}]},"1":{"loc":{"start":{"line":94,"column":0},"end":{"line":126,"column":1}},"type":"if","locations":[{"start":{"line":94,"column":0},"end":{"line":126,"column":1}}]},"2":{"loc":{"start":{"line":98,"column":2},"end":{"line":100,"column":3}},"type":"if","locations":[{"start":{"line":98,"column":2},"end":{"line":100,"column":3}}]},"3":{"loc":{"start":{"line":101,"column":2},"end":{"line":103,"column":3}},"type":"if","locations":[{"start":{"line":101,"column":2},"end":{"line":103,"column":3}}]},"4":{"loc":{"start":{"line":117,"column":8},"end":{"line":121,"column":9}},"type":"if","locations":[{"start":{"line":117,"column":8},"end":{"line":121,"column":9}},{"start":{"line":119,"column":15},"end":{"line":121,"column":9}}]},"5":{"loc":{"start":{"line":119,"column":15},"end":{"line":121,"column":9}},"type":"if","locations":[{"start":{"line":119,"column":15},"end":{"line":121,"column":9}}]}},"s":{"0":2,"1":2,"2":2,"3":10,"4":10,"5":10,"6":10,"7":0,"8":10,"9":0,"10":10,"11":0,"12":10,"13":0,"14":10,"15":0,"16":10,"17":0,"18":0,"19":0,"20":0,"21":0,"22":0,"23":0,"24":0,"25":2,"26":0,"27":0,"28":0,"29":0,"30":0,"31":0,"32":0,"33":0,"34":0,"35":0,"36":0,"37":0,"38":0,"39":0,"40":0,"41":0,"42":2},"f":{"0":10,"1":10,"2":0,"3":0,"4":0,"5":0,"6":0,"7":0,"8":0,"9":0},"b":{"0":[0,0],"1":[0],"2":[0],"3":[0],"4":[0,0],"5":[0]}}
,"/usr/src/app/routes/exampleRoute.ts": {"path":"/usr/src/app/routes/exampleRoute.ts","statementMap":{"0":{"start":{"line":1,"column":0},"end":{"line":1,"column":30}},"1":{"start":{"line":2,"column":15},"end":{"line":2,"column":31}},"2":{"start":{"line":5,"column":0},"end":{"line":7,"column":3}},"3":{"start":{"line":6,"column":2},"end":{"line":6,"column":27}},"4":{"start":{"line":9,"column":0},"end":{"line":9,"column":22}}},"fnMap":{"0":{"name":"(anonymous_1)","decl":{"start":{"line":5,"column":16},"end":{"line":5,"column":17}},"loc":{"start":{"line":5,"column":29},"end":{"line":7,"column":1}}}},"branchMap":{},"s":{"0":2,"1":2,"2":2,"3":1,"4":2},"f":{"0":1},"b":{}}
,"/usr/src/app/routes/retailerRoute.ts": {"path":"/usr/src/app/routes/retailerRoute.ts","statementMap":{"0":{"start":{"line":1,"column":0},"end":{"line":1,"column":30}},"1":{"start":{"line":2,"column":0},"end":{"line":2,"column":28}},"2":{"start":{"line":3,"column":0},"end":{"line":3,"column":31}},"3":{"start":{"line":5,"column":15},"end":{"line":5,"column":31}},"4":{"start":{"line":7,"column":0},"end":{"line":61,"column":3}},"5":{"start":{"line":7,"column":38},"end":{"line":61,"column":2}},"6":{"start":{"line":9,"column":39},"end":{"line":9,"column":48}},"7":{"start":{"line":13,"column":2},"end":{"line":24,"column":3}},"8":{"start":{"line":14,"column":4},"end":{"line":21,"column":6}},"9":{"start":{"line":23,"column":4},"end":{"line":23,"column":21}},"10":{"start":{"line":27,"column":16},"end":{"line":29,"column":4}},"11":{"start":{"line":32,"column":27},"end":{"line":48,"column":null}},"12":{"start":{"line":46,"column":62},"end":{"line":46,"column":71}},"13":{"start":{"line":52,"column":2},"end":{"line":60,"column":5}},"14":{"start":{"line":54,"column":6},"end":{"line":58,"column":8}},"15":{"start":{"line":63,"column":0},"end":{"line":141,"column":3}},"16":{"start":{"line":63,"column":46},"end":{"line":141,"column":2}},"17":{"start":{"line":65,"column":59},"end":{"line":65,"column":68}},"18":{"start":{"line":67,"column":4},"end":{"line":67,"column":25}},"19":{"start":{"line":70,"column":2},"end":{"line":86,"column":3}},"20":{"start":{"line":71,"column":4},"end":{"line":73,"column":6}},"21":{"start":{"line":74,"column":9},"end":{"line":86,"column":3}},"22":{"start":{"line":75,"column":4},"end":{"line":77,"column":6}},"23":{"start":{"line":78,"column":9},"end":{"line":86,"column":3}},"24":{"start":{"line":79,"column":4},"end":{"line":81,"column":6}},"25":{"start":{"line":83,"column":4},"end":{"line":85,"column":6}},"26":{"start":{"line":90,"column":2},"end":{"line":137,"column":3}},"27":{"start":{"line":91,"column":4},"end":{"line":93,"column":61}},"28":{"start":{"line":94,"column":9},"end":{"line":137,"column":3}},"29":{"start":{"line":95,"column":4},"end":{"line":100,"column":7}},"30":{"start":{"line":101,"column":9},"end":{"line":137,"column":3}},"31":{"start":{"line":102,"column":4},"end":{"line":107,"column":7}},"32":{"start":{"line":110,"column":4},"end":{"line":128,"column":7}},"33":{"start":{"line":129,"column":4},"end":{"line":136,"column":7}},"34":{"start":{"line":130,"column":6},"end":{"line":135,"column":8}},"35":{"start":{"line":138,"column":2},"end":{"line":140,"column":5}},"36":{"start":{"line":170,"column":0},"end":{"line":285,"column":3}},"37":{"start":{"line":170,"column":45},"end":{"line":285,"column":2}},"38":{"start":{"line":171,"column":2},"end":{"line":284,"column":3}},"39":{"start":{"line":172,"column":46},"end":{"line":172,"column":55}},"40":{"start":{"line":174,"column":6},"end":{"line":174,"column":27}},"41":{"start":{"line":177,"column":27},"end":{"line":177,"column":29}},"42":{"start":{"line":178,"column":4},"end":{"line":185,"column":5}},"43":{"start":{"line":180,"column":6},"end":{"line":182,"column":7}},"44":{"start":{"line":181,"column":8},"end":{"line":181,"column":68}},"45":{"start":{"line":184,"column":6},"end":{"line":184,"column":40}},"46":{"start":{"line":188,"column":4},"end":{"line":189,"column":66}},"47":{"start":{"line":189,"column":6},"end":{"line":189,"column":66}},"48":{"start":{"line":192,"column":4},"end":{"line":194,"column":5}},"49":{"start":{"line":193,"column":6},"end":{"line":193,"column":40}},"50":{"start":{"line":197,"column":4},"end":{"line":201,"column":5}},"51":{"start":{"line":198,"column":6},"end":{"line":200,"column":80}},"52":{"start":{"line":204,"column":4},"end":{"line":208,"column":5}},"53":{"start":{"line":205,"column":6},"end":{"line":207,"column":78}},"54":{"start":{"line":211,"column":4},"end":{"line":212,"column":66}},"55":{"start":{"line":212,"column":6},"end":{"line":212,"column":66}},"56":{"start":{"line":215,"column":31},"end":{"line":215,"column":35}},"57":{"start":{"line":216,"column":25},"end":{"line":216,"column":27}},"58":{"start":{"line":218,"column":4},"end":{"line":223,"column":6}},"59":{"start":{"line":226,"column":25},"end":{"line":226,"column":74}},"60":{"start":{"line":227,"column":4},"end":{"line":233,"column":5}},"61":{"start":{"line":228,"column":6},"end":{"line":228,"column":31}},"62":{"start":{"line":229,"column":11},"end":{"line":233,"column":5}},"63":{"start":{"line":230,"column":6},"end":{"line":230,"column":30}},"64":{"start":{"line":232,"column":6},"end":{"line":232,"column":31}},"65":{"start":{"line":236,"column":19},"end":{"line":256,"column":6}},"66":{"start":{"line":261,"column":26},"end":{"line":265,"column":6}},"67":{"start":{"line":268,"column":4},"end":{"line":270,"column":5}},"68":{"start":{"line":269,"column":6},"end":{"line":269,"column":47}},"69":{"start":{"line":273,"column":4},"end":{"line":278,"column":7}},"70":{"start":{"line":274,"column":19},"end":{"line":274,"column":76}},"71":{"start":{"line":277,"column":6},"end":{"line":277,"column":75}},"72":{"start":{"line":280,"column":4},"end":{"line":280,"column":44}},"73":{"start":{"line":282,"column":4},"end":{"line":282,"column":25}},"74":{"start":{"line":283,"column":4},"end":{"line":283,"column":57}},"75":{"start":{"line":328,"column":0},"end":{"line":471,"column":3}},"76":{"start":{"line":328,"column":44},"end":{"line":471,"column":2}},"77":{"start":{"line":329,"column":2},"end":{"line":470,"column":3}},"78":{"start":{"line":330,"column":46},"end":{"line":330,"column":55}},"79":{"start":{"line":332,"column":6},"end":{"line":332,"column":27}},"80":{"start":{"line":335,"column":29},"end":{"line":335,"column":31}},"81":{"start":{"line":336,"column":4},"end":{"line":347,"column":5}},"82":{"start":{"line":338,"column":6},"end":{"line":340,"column":7}},"83":{"start":{"line":339,"column":8},"end":{"line":339,"column":68}},"84":{"start":{"line":342,"column":6},"end":{"line":342,"column":40}},"85":{"start":{"line":344,"column":6},"end":{"line":346,"column":8}},"86":{"start":{"line":350,"column":31},"end":{"line":350,"column":35}},"87":{"start":{"line":351,"column":25},"end":{"line":351,"column":27}},"88":{"start":{"line":354,"column":4},"end":{"line":356,"column":5}},"89":{"start":{"line":355,"column":6},"end":{"line":355,"column":66}},"90":{"start":{"line":359,"column":4},"end":{"line":361,"column":5}},"91":{"start":{"line":360,"column":6},"end":{"line":360,"column":42}},"92":{"start":{"line":364,"column":4},"end":{"line":368,"column":5}},"93":{"start":{"line":365,"column":6},"end":{"line":367,"column":80}},"94":{"start":{"line":371,"column":4},"end":{"line":375,"column":5}},"95":{"start":{"line":372,"column":6},"end":{"line":374,"column":78}},"96":{"start":{"line":378,"column":4},"end":{"line":380,"column":5}},"97":{"start":{"line":379,"column":6},"end":{"line":379,"column":66}},"98":{"start":{"line":383,"column":4},"end":{"line":388,"column":6}},"99":{"start":{"line":391,"column":25},"end":{"line":392,"column":null}},"100":{"start":{"line":394,"column":4},"end":{"line":400,"column":5}},"101":{"start":{"line":395,"column":6},"end":{"line":395,"column":31}},"102":{"start":{"line":396,"column":11},"end":{"line":400,"column":5}},"103":{"start":{"line":397,"column":6},"end":{"line":397,"column":30}},"104":{"start":{"line":399,"column":6},"end":{"line":399,"column":31}},"105":{"start":{"line":403,"column":19},"end":{"line":427,"column":6}},"106":{"start":{"line":432,"column":26},"end":{"line":436,"column":6}},"107":{"start":{"line":439,"column":4},"end":{"line":441,"column":5}},"108":{"start":{"line":440,"column":6},"end":{"line":440,"column":47}},"109":{"start":{"line":445,"column":4},"end":{"line":461,"column":7}},"110":{"start":{"line":446,"column":26},"end":{"line":446,"column":66}},"111":{"start":{"line":447,"column":19},"end":{"line":447,"column":75}},"112":{"start":{"line":448,"column":21},"end":{"line":448,"column":56}},"113":{"start":{"line":452,"column":6},"end":{"line":457,"column":7}},"114":{"start":{"line":453,"column":8},"end":{"line":456,"column":10}},"115":{"start":{"line":460,"column":6},"end":{"line":460,"column":69}},"116":{"start":{"line":464,"column":4},"end":{"line":464,"column":65}},"117":{"start":{"line":466,"column":4},"end":{"line":466,"column":44}},"118":{"start":{"line":468,"column":4},"end":{"line":468,"column":25}},"119":{"start":{"line":469,"column":4},"end":{"line":469,"column":50}},"120":{"start":{"line":514,"column":0},"end":{"line":662,"column":3}},"121":{"start":{"line":514,"column":44},"end":{"line":662,"column":2}},"122":{"start":{"line":515,"column":2},"end":{"line":661,"column":3}},"123":{"start":{"line":516,"column":46},"end":{"line":516,"column":55}},"124":{"start":{"line":518,"column":6},"end":{"line":518,"column":27}},"125":{"start":{"line":521,"column":29},"end":{"line":521,"column":31}},"126":{"start":{"line":522,"column":4},"end":{"line":533,"column":5}},"127":{"start":{"line":524,"column":6},"end":{"line":526,"column":7}},"128":{"start":{"line":525,"column":8},"end":{"line":525,"column":78}},"129":{"start":{"line":528,"column":6},"end":{"line":528,"column":40}},"130":{"start":{"line":530,"column":6},"end":{"line":532,"column":8}},"131":{"start":{"line":536,"column":31},"end":{"line":536,"column":35}},"132":{"start":{"line":537,"column":25},"end":{"line":537,"column":27}},"133":{"start":{"line":540,"column":4},"end":{"line":542,"column":5}},"134":{"start":{"line":541,"column":6},"end":{"line":541,"column":75}},"135":{"start":{"line":545,"column":4},"end":{"line":547,"column":5}},"136":{"start":{"line":546,"column":6},"end":{"line":546,"column":42}},"137":{"start":{"line":550,"column":4},"end":{"line":554,"column":5}},"138":{"start":{"line":551,"column":6},"end":{"line":553,"column":89}},"139":{"start":{"line":557,"column":4},"end":{"line":561,"column":5}},"140":{"start":{"line":558,"column":6},"end":{"line":560,"column":87}},"141":{"start":{"line":564,"column":4},"end":{"line":566,"column":5}},"142":{"start":{"line":565,"column":6},"end":{"line":565,"column":75}},"143":{"start":{"line":569,"column":4},"end":{"line":574,"column":6}},"144":{"start":{"line":577,"column":25},"end":{"line":578,"column":null}},"145":{"start":{"line":580,"column":4},"end":{"line":586,"column":5}},"146":{"start":{"line":581,"column":6},"end":{"line":581,"column":31}},"147":{"start":{"line":582,"column":11},"end":{"line":586,"column":5}},"148":{"start":{"line":583,"column":6},"end":{"line":583,"column":30}},"149":{"start":{"line":585,"column":6},"end":{"line":585,"column":31}},"150":{"start":{"line":589,"column":19},"end":{"line":613,"column":6}},"151":{"start":{"line":616,"column":4},"end":{"line":618,"column":5}},"152":{"start":{"line":617,"column":6},"end":{"line":617,"column":80}},"153":{"start":{"line":623,"column":26},"end":{"line":627,"column":6}},"154":{"start":{"line":630,"column":4},"end":{"line":632,"column":5}},"155":{"start":{"line":631,"column":6},"end":{"line":631,"column":47}},"156":{"start":{"line":636,"column":4},"end":{"line":652,"column":7}},"157":{"start":{"line":637,"column":26},"end":{"line":637,"column":66}},"158":{"start":{"line":638,"column":19},"end":{"line":638,"column":75}},"159":{"start":{"line":639,"column":21},"end":{"line":639,"column":56}},"160":{"start":{"line":643,"column":6},"end":{"line":648,"column":7}},"161":{"start":{"line":644,"column":8},"end":{"line":647,"column":10}},"162":{"start":{"line":651,"column":6},"end":{"line":651,"column":69}},"163":{"start":{"line":655,"column":4},"end":{"line":655,"column":65}},"164":{"start":{"line":657,"column":4},"end":{"line":657,"column":44}},"165":{"start":{"line":659,"column":4},"end":{"line":659,"column":25}},"166":{"start":{"line":660,"column":4},"end":{"line":660,"column":50}},"167":{"start":{"line":664,"column":0},"end":{"line":719,"column":3}},"168":{"start":{"line":664,"column":47},"end":{"line":719,"column":2}},"169":{"start":{"line":665,"column":35},"end":{"line":665,"column":44}},"170":{"start":{"line":666,"column":38},"end":{"line":666,"column":59}},"171":{"start":{"line":668,"column":2},"end":{"line":675,"column":3}},"172":{"start":{"line":672,"column":4},"end":{"line":674,"column":72}},"173":{"start":{"line":677,"column":31},"end":{"line":679,"column":4}},"174":{"start":{"line":680,"column":2},"end":{"line":682,"column":3}},"175":{"start":{"line":681,"column":4},"end":{"line":681,"column":60}},"176":{"start":{"line":683,"column":2},"end":{"line":685,"column":3}},"177":{"start":{"line":684,"column":4},"end":{"line":684,"column":59}},"178":{"start":{"line":687,"column":22},"end":{"line":691,"column":4}},"179":{"start":{"line":693,"column":19},"end":{"line":697,"column":4}},"180":{"start":{"line":699,"column":2},"end":{"line":701,"column":5}},"181":{"start":{"line":700,"column":4},"end":{"line":700,"column":67}},"182":{"start":{"line":702,"column":2},"end":{"line":704,"column":5}},"183":{"start":{"line":703,"column":4},"end":{"line":703,"column":67}},"184":{"start":{"line":706,"column":2},"end":{"line":709,"column":6}},"185":{"start":{"line":706,"column":51},"end":{"line":709,"column":4}},"186":{"start":{"line":710,"column":2},"end":{"line":713,"column":6}},"187":{"start":{"line":710,"column":60},"end":{"line":713,"column":4}},"188":{"start":{"line":715,"column":2},"end":{"line":718,"column":5}},"189":{"start":{"line":721,"column":0},"end":{"line":814,"column":3}},"190":{"start":{"line":721,"column":43},"end":{"line":814,"column":2}},"191":{"start":{"line":723,"column":37},"end":{"line":723,"column":46}},"192":{"start":{"line":725,"column":4},"end":{"line":725,"column":25}},"193":{"start":{"line":728,"column":29},"end":{"line":728,"column":66}},"194":{"start":{"line":729,"column":20},"end":{"line":733,"column":4}},"195":{"start":{"line":734,"column":2},"end":{"line":736,"column":3}},"196":{"start":{"line":735,"column":4},"end":{"line":735,"column":55}},"197":{"start":{"line":739,"column":23},"end":{"line":743,"column":35}},"198":{"start":{"line":740,"column":42},"end":{"line":742,"column":6}},"199":{"start":{"line":741,"column":6},"end":{"line":741,"column":47}},"200":{"start":{"line":743,"column":21},"end":{"line":743,"column":34}},"201":{"start":{"line":744,"column":2},"end":{"line":746,"column":3}},"202":{"start":{"line":745,"column":4},"end":{"line":745,"column":58}},"203":{"start":{"line":749,"column":24},"end":{"line":749,"column":26}},"204":{"start":{"line":750,"column":2},"end":{"line":809,"column":3}},"205":{"start":{"line":751,"column":4},"end":{"line":808,"column":5}},"206":{"start":{"line":757,"column":33},"end":{"line":761,"column":10}},"207":{"start":{"line":762,"column":8},"end":{"line":764,"column":9}},"208":{"start":{"line":763,"column":10},"end":{"line":763,"column":50}},"209":{"start":{"line":765,"column":26},"end":{"line":765,"column":61}},"210":{"start":{"line":769,"column":8},"end":{"line":787,"column":9}},"211":{"start":{"line":770,"column":30},"end":{"line":775,"column":12}},"212":{"start":{"line":776,"column":10},"end":{"line":786,"column":11}},"213":{"start":{"line":777,"column":12},"end":{"line":785,"column":15}},"214":{"start":{"line":788,"column":8},"end":{"line":788,"column":14}},"215":{"start":{"line":791,"column":29},"end":{"line":793,"column":10}},"216":{"start":{"line":795,"column":8},"end":{"line":804,"column":9}},"217":{"start":{"line":796,"column":10},"end":{"line":803,"column":13}},"218":{"start":{"line":805,"column":8},"end":{"line":805,"column":14}},"219":{"start":{"line":807,"column":8},"end":{"line":807,"column":77}},"220":{"start":{"line":811,"column":2},"end":{"line":813,"column":5}},"221":{"start":{"line":816,"column":0},"end":{"line":880,"column":3}},"222":{"start":{"line":816,"column":44},"end":{"line":880,"column":2}},"223":{"start":{"line":818,"column":37},"end":{"line":818,"column":46}},"224":{"start":{"line":819,"column":31},"end":{"line":819,"column":52}},"225":{"start":{"line":823,"column":2},"end":{"line":863,"column":3}},"226":{"start":{"line":824,"column":4},"end":{"line":826,"column":61}},"227":{"start":{"line":827,"column":9},"end":{"line":863,"column":3}},"228":{"start":{"line":829,"column":4},"end":{"line":839,"column":7}},"229":{"start":{"line":840,"column":9},"end":{"line":863,"column":3}},"230":{"start":{"line":842,"column":4},"end":{"line":852,"column":7}},"231":{"start":{"line":855,"column":4},"end":{"line":862,"column":7}},"232":{"start":{"line":866,"column":29},"end":{"line":875,"column":4}},"233":{"start":{"line":867,"column":4},"end":{"line":874,"column":6}},"234":{"start":{"line":877,"column":2},"end":{"line":879,"column":5}},"235":{"start":{"line":882,"column":0},"end":{"line":895,"column":3}},"236":{"start":{"line":882,"column":42},"end":{"line":895,"column":2}},"237":{"start":{"line":883,"column":32},"end":{"line":883,"column":53}},"238":{"start":{"line":885,"column":2},"end":{"line":894,"column":3}},"239":{"start":{"line":886,"column":20},"end":{"line":886,"column":42}},"240":{"start":{"line":887,"column":4},"end":{"line":889,"column":7}},"241":{"start":{"line":891,"column":4},"end":{"line":893,"column":7}},"242":{"start":{"line":897,"column":0},"end":{"line":897,"column":22}}},"fnMap":{"0":{"name":"(anonymous_8)","decl":{"start":{"line":7,"column":19},"end":{"line":7,"column":26}},"loc":{"start":{"line":7,"column":38},"end":{"line":61,"column":2}}},"1":{"name":"(anonymous_9)","decl":{"start":{"line":7,"column":38},"end":{"line":7,"column":null}},"loc":{"start":{"line":7,"column":38},"end":{"line":61,"column":1}}},"2":{"name":"(anonymous_10)","decl":{"start":{"line":46,"column":45},"end":{"line":46,"column":46}},"loc":{"start":{"line":46,"column":62},"end":{"line":46,"column":71}}},"3":{"name":"(anonymous_11)","decl":{"start":{"line":53,"column":35},"end":{"line":53,"column":36}},"loc":{"start":{"line":53,"column":56},"end":{"line":59,"column":5}}},"4":{"name":"(anonymous_12)","decl":{"start":{"line":63,"column":27},"end":{"line":63,"column":34}},"loc":{"start":{"line":63,"column":46},"end":{"line":141,"column":2}}},"5":{"name":"(anonymous_13)","decl":{"start":{"line":63,"column":46},"end":{"line":63,"column":null}},"loc":{"start":{"line":63,"column":46},"end":{"line":141,"column":1}}},"6":{"name":"(anonymous_14)","decl":{"start":{"line":129,"column":36},"end":{"line":129,"column":37}},"loc":{"start":{"line":129,"column":47},"end":{"line":136,"column":5}}},"7":{"name":"(anonymous_15)","decl":{"start":{"line":170,"column":26},"end":{"line":170,"column":33}},"loc":{"start":{"line":170,"column":45},"end":{"line":285,"column":2}}},"8":{"name":"(anonymous_16)","decl":{"start":{"line":170,"column":45},"end":{"line":170,"column":null}},"loc":{"start":{"line":170,"column":45},"end":{"line":285,"column":1}}},"9":{"name":"(anonymous_17)","decl":{"start":{"line":273,"column":19},"end":{"line":273,"column":20}},"loc":{"start":{"line":273,"column":39},"end":{"line":278,"column":5}}},"10":{"name":"(anonymous_18)","decl":{"start":{"line":328,"column":25},"end":{"line":328,"column":32}},"loc":{"start":{"line":328,"column":44},"end":{"line":471,"column":2}}},"11":{"name":"(anonymous_19)","decl":{"start":{"line":328,"column":44},"end":{"line":328,"column":null}},"loc":{"start":{"line":328,"column":44},"end":{"line":471,"column":1}}},"12":{"name":"(anonymous_20)","decl":{"start":{"line":445,"column":19},"end":{"line":445,"column":20}},"loc":{"start":{"line":445,"column":38},"end":{"line":461,"column":5}}},"13":{"name":"(anonymous_21)","decl":{"start":{"line":514,"column":25},"end":{"line":514,"column":32}},"loc":{"start":{"line":514,"column":44},"end":{"line":662,"column":2}}},"14":{"name":"(anonymous_22)","decl":{"start":{"line":514,"column":44},"end":{"line":514,"column":null}},"loc":{"start":{"line":514,"column":44},"end":{"line":662,"column":1}}},"15":{"name":"(anonymous_23)","decl":{"start":{"line":636,"column":19},"end":{"line":636,"column":20}},"loc":{"start":{"line":636,"column":38},"end":{"line":652,"column":5}}},"16":{"name":"(anonymous_24)","decl":{"start":{"line":664,"column":28},"end":{"line":664,"column":35}},"loc":{"start":{"line":664,"column":47},"end":{"line":719,"column":2}}},"17":{"name":"(anonymous_25)","decl":{"start":{"line":664,"column":47},"end":{"line":664,"column":null}},"loc":{"start":{"line":664,"column":47},"end":{"line":719,"column":1}}},"18":{"name":"(anonymous_26)","decl":{"start":{"line":699,"column":18},"end":{"line":699,"column":19}},"loc":{"start":{"line":699,"column":37},"end":{"line":701,"column":3}}},"19":{"name":"(anonymous_27)","decl":{"start":{"line":702,"column":21},"end":{"line":702,"column":22}},"loc":{"start":{"line":702,"column":40},"end":{"line":704,"column":3}}},"20":{"name":"(anonymous_28)","decl":{"start":{"line":706,"column":30},"end":{"line":706,"column":31}},"loc":{"start":{"line":706,"column":51},"end":{"line":709,"column":4}}},"21":{"name":"(anonymous_29)","decl":{"start":{"line":710,"column":36},"end":{"line":710,"column":37}},"loc":{"start":{"line":710,"column":60},"end":{"line":713,"column":4}}},"22":{"name":"(anonymous_30)","decl":{"start":{"line":721,"column":24},"end":{"line":721,"column":31}},"loc":{"start":{"line":721,"column":43},"end":{"line":814,"column":2}}},"23":{"name":"(anonymous_31)","decl":{"start":{"line":721,"column":43},"end":{"line":721,"column":null}},"loc":{"start":{"line":721,"column":43},"end":{"line":814,"column":1}}},"24":{"name":"(anonymous_32)","decl":{"start":{"line":740,"column":18},"end":{"line":740,"column":25}},"loc":{"start":{"line":740,"column":42},"end":{"line":742,"column":6}}},"25":{"name":"(anonymous_33)","decl":{"start":{"line":740,"column":42},"end":{"line":740,"column":null}},"loc":{"start":{"line":740,"column":42},"end":{"line":742,"column":5}}},"26":{"name":"(anonymous_34)","decl":{"start":{"line":743,"column":9},"end":{"line":743,"column":10}},"loc":{"start":{"line":743,"column":21},"end":{"line":743,"column":34}}},"27":{"name":"(anonymous_35)","decl":{"start":{"line":816,"column":25},"end":{"line":816,"column":32}},"loc":{"start":{"line":816,"column":44},"end":{"line":880,"column":2}}},"28":{"name":"(anonymous_36)","decl":{"start":{"line":816,"column":44},"end":{"line":816,"column":null}},"loc":{"start":{"line":816,"column":44},"end":{"line":880,"column":1}}},"29":{"name":"(anonymous_37)","decl":{"start":{"line":866,"column":43},"end":{"line":866,"column":44}},"loc":{"start":{"line":866,"column":61},"end":{"line":875,"column":3}}},"30":{"name":"(anonymous_38)","decl":{"start":{"line":882,"column":23},"end":{"line":882,"column":30}},"loc":{"start":{"line":882,"column":42},"end":{"line":895,"column":2}}},"31":{"name":"(anonymous_39)","decl":{"start":{"line":882,"column":42},"end":{"line":882,"column":null}},"loc":{"start":{"line":882,"column":42},"end":{"line":895,"column":1}}}},"branchMap":{"0":{"loc":{"start":{"line":13,"column":2},"end":{"line":24,"column":3}},"type":"if","locations":[{"start":{"line":13,"column":2},"end":{"line":24,"column":3}},{"start":{"line":22,"column":9},"end":{"line":24,"column":3}}]},"1":{"loc":{"start":{"line":13,"column":6},"end":{"line":13,"column":36}},"type":"binary-expr","locations":[{"start":{"line":13,"column":6},"end":{"line":13,"column":10}},{"start":{"line":13,"column":14},"end":{"line":13,"column":19}},{"start":{"line":13,"column":23},"end":{"line":13,"column":27}},{"start":{"line":13,"column":31},"end":{"line":13,"column":36}}]},"2":{"loc":{"start":{"line":70,"column":2},"end":{"line":86,"column":3}},"type":"if","locations":[{"start":{"line":70,"column":2},"end":{"line":86,"column":3}},{"start":{"line":74,"column":9},"end":{"line":86,"column":3}}]},"3":{"loc":{"start":{"line":70,"column":6},"end":{"line":70,"column":56}},"type":"binary-expr","locations":[{"start":{"line":70,"column":6},"end":{"line":70,"column":30}},{"start":{"line":70,"column":34},"end":{"line":70,"column":56}}]},"4":{"loc":{"start":{"line":74,"column":9},"end":{"line":86,"column":3}},"type":"if","locations":[{"start":{"line":74,"column":9},"end":{"line":86,"column":3}},{"start":{"line":78,"column":9},"end":{"line":86,"column":3}}]},"5":{"loc":{"start":{"line":78,"column":9},"end":{"line":86,"column":3}},"type":"if","locations":[{"start":{"line":78,"column":9},"end":{"line":86,"column":3}},{"start":{"line":82,"column":9},"end":{"line":86,"column":3}}]},"6":{"loc":{"start":{"line":90,"column":2},"end":{"line":137,"column":3}},"type":"if","locations":[{"start":{"line":90,"column":2},"end":{"line":137,"column":3}},{"start":{"line":94,"column":9},"end":{"line":137,"column":3}}]},"7":{"loc":{"start":{"line":90,"column":6},"end":{"line":90,"column":30}},"type":"binary-expr","locations":[{"start":{"line":90,"column":6},"end":{"line":90,"column":15}},{"start":{"line":90,"column":19},"end":{"line":90,"column":30}}]},"8":{"loc":{"start":{"line":94,"column":9},"end":{"line":137,"column":3}},"type":"if","locations":[{"start":{"line":94,"column":9},"end":{"line":137,"column":3}},{"start":{"line":101,"column":9},"end":{"line":137,"column":3}}]},"9":{"loc":{"start":{"line":101,"column":9},"end":{"line":137,"column":3}},"type":"if","locations":[{"start":{"line":101,"column":9},"end":{"line":137,"column":3}},{"start":{"line":108,"column":9},"end":{"line":137,"column":3}}]},"10":{"loc":{"start":{"line":118,"column":12},"end":{"line":120,"column":48}},"type":"cond-expr","locations":[{"start":{"line":119,"column":16},"end":{"line":119,"column":44}},{"start":{"line":120,"column":16},"end":{"line":120,"column":48}}]},"11":{"loc":{"start":{"line":121,"column":12},"end":{"line":123,"column":48}},"type":"cond-expr","locations":[{"start":{"line":122,"column":16},"end":{"line":122,"column":42}},{"start":{"line":123,"column":16},"end":{"line":123,"column":48}}]},"12":{"loc":{"start":{"line":178,"column":4},"end":{"line":185,"column":5}},"type":"if","locations":[{"start":{"line":178,"column":4},"end":{"line":185,"column":5}}]},"13":{"loc":{"start":{"line":180,"column":6},"end":{"line":182,"column":7}},"type":"if","locations":[{"start":{"line":180,"column":6},"end":{"line":182,"column":7}}]},"14":{"loc":{"start":{"line":188,"column":4},"end":{"line":189,"column":66}},"type":"if","locations":[{"start":{"line":188,"column":4},"end":{"line":189,"column":66}}]},"15":{"loc":{"start":{"line":192,"column":4},"end":{"line":194,"column":5}},"type":"if","locations":[{"start":{"line":192,"column":4},"end":{"line":194,"column":5}}]},"16":{"loc":{"start":{"line":197,"column":4},"end":{"line":201,"column":5}},"type":"if","locations":[{"start":{"line":197,"column":4},"end":{"line":201,"column":5}}]},"17":{"loc":{"start":{"line":204,"column":4},"end":{"line":208,"column":5}},"type":"if","locations":[{"start":{"line":204,"column":4},"end":{"line":208,"column":5}}]},"18":{"loc":{"start":{"line":211,"column":4},"end":{"line":212,"column":66}},"type":"if","locations":[{"start":{"line":211,"column":4},"end":{"line":212,"column":66}}]},"19":{"loc":{"start":{"line":227,"column":4},"end":{"line":233,"column":5}},"type":"if","locations":[{"start":{"line":227,"column":4},"end":{"line":233,"column":5}},{"start":{"line":229,"column":11},"end":{"line":233,"column":5}}]},"20":{"loc":{"start":{"line":229,"column":11},"end":{"line":233,"column":5}},"type":"if","locations":[{"start":{"line":229,"column":11},"end":{"line":233,"column":5}},{"start":{"line":231,"column":11},"end":{"line":233,"column":5}}]},"21":{"loc":{"start":{"line":268,"column":4},"end":{"line":270,"column":5}},"type":"if","locations":[{"start":{"line":268,"column":4},"end":{"line":270,"column":5}}]},"22":{"loc":{"start":{"line":336,"column":4},"end":{"line":347,"column":5}},"type":"if","locations":[{"start":{"line":336,"column":4},"end":{"line":347,"column":5}},{"start":{"line":343,"column":11},"end":{"line":347,"column":5}}]},"23":{"loc":{"start":{"line":338,"column":6},"end":{"line":340,"column":7}},"type":"if","locations":[{"start":{"line":338,"column":6},"end":{"line":340,"column":7}}]},"24":{"loc":{"start":{"line":354,"column":4},"end":{"line":356,"column":5}},"type":"if","locations":[{"start":{"line":354,"column":4},"end":{"line":356,"column":5}}]},"25":{"loc":{"start":{"line":359,"column":4},"end":{"line":361,"column":5}},"type":"if","locations":[{"start":{"line":359,"column":4},"end":{"line":361,"column":5}}]},"26":{"loc":{"start":{"line":364,"column":4},"end":{"line":368,"column":5}},"type":"if","locations":[{"start":{"line":364,"column":4},"end":{"line":368,"column":5}}]},"27":{"loc":{"start":{"line":371,"column":4},"end":{"line":375,"column":5}},"type":"if","locations":[{"start":{"line":371,"column":4},"end":{"line":375,"column":5}}]},"28":{"loc":{"start":{"line":378,"column":4},"end":{"line":380,"column":5}},"type":"if","locations":[{"start":{"line":378,"column":4},"end":{"line":380,"column":5}}]},"29":{"loc":{"start":{"line":394,"column":4},"end":{"line":400,"column":5}},"type":"if","locations":[{"start":{"line":394,"column":4},"end":{"line":400,"column":5}},{"start":{"line":396,"column":11},"end":{"line":400,"column":5}}]},"30":{"loc":{"start":{"line":396,"column":11},"end":{"line":400,"column":5}},"type":"if","locations":[{"start":{"line":396,"column":11},"end":{"line":400,"column":5}},{"start":{"line":398,"column":11},"end":{"line":400,"column":5}}]},"31":{"loc":{"start":{"line":439,"column":4},"end":{"line":441,"column":5}},"type":"if","locations":[{"start":{"line":439,"column":4},"end":{"line":441,"column":5}}]},"32":{"loc":{"start":{"line":452,"column":6},"end":{"line":457,"column":7}},"type":"if","locations":[{"start":{"line":452,"column":6},"end":{"line":457,"column":7}}]},"33":{"loc":{"start":{"line":522,"column":4},"end":{"line":533,"column":5}},"type":"if","locations":[{"start":{"line":522,"column":4},"end":{"line":533,"column":5}},{"start":{"line":529,"column":11},"end":{"line":533,"column":5}}]},"34":{"loc":{"start":{"line":524,"column":6},"end":{"line":526,"column":7}},"type":"if","locations":[{"start":{"line":524,"column":6},"end":{"line":526,"column":7}}]},"35":{"loc":{"start":{"line":540,"column":4},"end":{"line":542,"column":5}},"type":"if","locations":[{"start":{"line":540,"column":4},"end":{"line":542,"column":5}}]},"36":{"loc":{"start":{"line":545,"column":4},"end":{"line":547,"column":5}},"type":"if","locations":[{"start":{"line":545,"column":4},"end":{"line":547,"column":5}}]},"37":{"loc":{"start":{"line":550,"column":4},"end":{"line":554,"column":5}},"type":"if","locations":[{"start":{"line":550,"column":4},"end":{"line":554,"column":5}}]},"38":{"loc":{"start":{"line":557,"column":4},"end":{"line":561,"column":5}},"type":"if","locations":[{"start":{"line":557,"column":4},"end":{"line":561,"column":5}}]},"39":{"loc":{"start":{"line":564,"column":4},"end":{"line":566,"column":5}},"type":"if","locations":[{"start":{"line":564,"column":4},"end":{"line":566,"column":5}}]},"40":{"loc":{"start":{"line":580,"column":4},"end":{"line":586,"column":5}},"type":"if","locations":[{"start":{"line":580,"column":4},"end":{"line":586,"column":5}},{"start":{"line":582,"column":11},"end":{"line":586,"column":5}}]},"41":{"loc":{"start":{"line":582,"column":11},"end":{"line":586,"column":5}},"type":"if","locations":[{"start":{"line":582,"column":11},"end":{"line":586,"column":5}},{"start":{"line":584,"column":11},"end":{"line":586,"column":5}}]},"42":{"loc":{"start":{"line":616,"column":4},"end":{"line":618,"column":5}},"type":"if","locations":[{"start":{"line":616,"column":4},"end":{"line":618,"column":5}}]},"43":{"loc":{"start":{"line":616,"column":8},"end":{"line":616,"column":40}},"type":"binary-expr","locations":[{"start":{"line":616,"column":8},"end":{"line":616,"column":17}},{"start":{"line":616,"column":21},"end":{"line":616,"column":40}}]},"44":{"loc":{"start":{"line":630,"column":4},"end":{"line":632,"column":5}},"type":"if","locations":[{"start":{"line":630,"column":4},"end":{"line":632,"column":5}}]},"45":{"loc":{"start":{"line":643,"column":6},"end":{"line":648,"column":7}},"type":"if","locations":[{"start":{"line":643,"column":6},"end":{"line":648,"column":7}}]},"46":{"loc":{"start":{"line":668,"column":2},"end":{"line":675,"column":3}},"type":"if","locations":[{"start":{"line":668,"column":2},"end":{"line":675,"column":3}}]},"47":{"loc":{"start":{"line":669,"column":4},"end":{"line":670,"column":61}},"type":"binary-expr","locations":[{"start":{"line":669,"column":5},"end":{"line":669,"column":15}},{"start":{"line":669,"column":19},"end":{"line":669,"column":64}},{"start":{"line":670,"column":5},"end":{"line":670,"column":13}},{"start":{"line":670,"column":17},"end":{"line":670,"column":60}}]},"48":{"loc":{"start":{"line":680,"column":2},"end":{"line":682,"column":3}},"type":"if","locations":[{"start":{"line":680,"column":2},"end":{"line":682,"column":3}}]},"49":{"loc":{"start":{"line":683,"column":2},"end":{"line":685,"column":3}},"type":"if","locations":[{"start":{"line":683,"column":2},"end":{"line":685,"column":3}}]},"50":{"loc":{"start":{"line":728,"column":29},"end":{"line":728,"column":66}},"type":"cond-expr","locations":[{"start":{"line":728,"column":43},"end":{"line":728,"column":53}},{"start":{"line":728,"column":56},"end":{"line":728,"column":66}}]},"51":{"loc":{"start":{"line":734,"column":2},"end":{"line":736,"column":3}},"type":"if","locations":[{"start":{"line":734,"column":2},"end":{"line":736,"column":3}}]},"52":{"loc":{"start":{"line":744,"column":2},"end":{"line":746,"column":3}},"type":"if","locations":[{"start":{"line":744,"column":2},"end":{"line":746,"column":3}}]},"53":{"loc":{"start":{"line":751,"column":4},"end":{"line":808,"column":5}},"type":"switch","locations":[{"start":{"line":755,"column":6},"end":{"line":788,"column":14}},{"start":{"line":789,"column":6},"end":{"line":805,"column":14}},{"start":{"line":806,"column":6},"end":{"line":807,"column":77}}]},"54":{"loc":{"start":{"line":762,"column":8},"end":{"line":764,"column":9}},"type":"if","locations":[{"start":{"line":762,"column":8},"end":{"line":764,"column":9}}]},"55":{"loc":{"start":{"line":776,"column":10},"end":{"line":786,"column":11}},"type":"if","locations":[{"start":{"line":776,"column":10},"end":{"line":786,"column":11}}]},"56":{"loc":{"start":{"line":776,"column":14},"end":{"line":776,"column":61}},"type":"binary-expr","locations":[{"start":{"line":776,"column":14},"end":{"line":776,"column":25}},{"start":{"line":776,"column":29},"end":{"line":776,"column":61}}]},"57":{"loc":{"start":{"line":795,"column":8},"end":{"line":804,"column":9}},"type":"if","locations":[{"start":{"line":795,"column":8},"end":{"line":804,"column":9}}]},"58":{"loc":{"start":{"line":823,"column":2},"end":{"line":863,"column":3}},"type":"if","locations":[{"start":{"line":823,"column":2},"end":{"line":863,"column":3}},{"start":{"line":827,"column":9},"end":{"line":863,"column":3}}]},"59":{"loc":{"start":{"line":823,"column":6},"end":{"line":823,"column":30}},"type":"binary-expr","locations":[{"start":{"line":823,"column":6},"end":{"line":823,"column":15}},{"start":{"line":823,"column":19},"end":{"line":823,"column":30}}]},"60":{"loc":{"start":{"line":827,"column":9},"end":{"line":863,"column":3}},"type":"if","locations":[{"start":{"line":827,"column":9},"end":{"line":863,"column":3}},{"start":{"line":840,"column":9},"end":{"line":863,"column":3}}]},"61":{"loc":{"start":{"line":840,"column":9},"end":{"line":863,"column":3}},"type":"if","locations":[{"start":{"line":840,"column":9},"end":{"line":863,"column":3}},{"start":{"line":853,"column":9},"end":{"line":863,"column":3}}]}},"s":{"0":2,"1":2,"2":2,"3":2,"4":2,"5":2,"6":2,"7":2,"8":1,"9":1,"10":2,"11":2,"12":4,"13":2,"14":2,"15":2,"16":5,"17":5,"18":5,"19":5,"20":3,"21":2,"22":0,"23":2,"24":0,"25":2,"26":5,"27":0,"28":5,"29":2,"30":3,"31":2,"32":1,"33":1,"34":1,"35":5,"36":2,"37":10,"38":10,"39":10,"40":10,"41":10,"42":10,"43":5,"44":1,"45":4,"46":9,"47":1,"48":8,"49":2,"50":8,"51":1,"52":7,"53":1,"54":6,"55":1,"56":5,"57":5,"58":5,"59":5,"60":5,"61":2,"62":3,"63":1,"64":2,"65":5,"66":5,"67":5,"68":4,"69":5,"70":16,"71":16,"72":5,"73":0,"74":0,"75":2,"76":9,"77":9,"78":9,"79":9,"80":9,"81":9,"82":4,"83":1,"84":3,"85":5,"86":8,"87":8,"88":8,"89":1,"90":7,"91":2,"92":7,"93":1,"94":6,"95":1,"96":5,"97":1,"98":4,"99":4,"100":4,"101":1,"102":3,"103":1,"104":2,"105":4,"106":4,"107":4,"108":3,"109":4,"110":10,"111":10,"112":10,"113":10,"114":4,"115":10,"116":4,"117":4,"118":0,"119":0,"120":2,"121":0,"122":0,"123":0,"124":0,"125":0,"126":0,"127":0,"128":0,"129":0,"130":0,"131":0,"132":0,"133":0,"134":0,"135":0,"136":0,"137":0,"138":0,"139":0,"140":0,"141":0,"142":0,"143":0,"144":0,"145":0,"146":0,"147":0,"148":0,"149":0,"150":0,"151":0,"152":0,"153":0,"154":0,"155":0,"156":0,"157":0,"158":0,"159":0,"160":0,"161":0,"162":0,"163":0,"164":0,"165":0,"166":0,"167":2,"168":3,"169":3,"170":3,"171":3,"172":0,"173":3,"174":3,"175":2,"176":3,"177":1,"178":3,"179":3,"180":3,"181":9,"182":3,"183":10,"184":3,"185":12,"186":3,"187":13,"188":3,"189":2,"190":5,"191":5,"192":5,"193":5,"194":5,"195":5,"196":0,"197":5,"198":5,"199":5,"200":5,"201":5,"202":0,"203":5,"204":5,"205":5,"206":3,"207":3,"208":2,"209":3,"210":3,"211":4,"212":4,"213":2,"214":3,"215":2,"216":2,"217":1,"218":2,"219":0,"220":5,"221":2,"222":4,"223":4,"224":4,"225":4,"226":1,"227":3,"228":1,"229":2,"230":1,"231":1,"232":3,"233":4,"234":3,"235":2,"236":1,"237":1,"238":1,"239":1,"240":1,"241":0,"242":2},"f":{"0":2,"1":2,"2":4,"3":2,"4":5,"5":5,"6":1,"7":10,"8":10,"9":16,"10":9,"11":9,"12":10,"13":0,"14":0,"15":0,"16":3,"17":3,"18":9,"19":10,"20":12,"21":13,"22":5,"23":5,"24":5,"25":5,"26":5,"27":4,"28":4,"29":4,"30":1,"31":1},"b":{"0":[1,1],"1":[2,1,1,1],"2":[3,2],"3":[5,3],"4":[0,2],"5":[0,2],"6":[0,5],"7":[5,2],"8":[2,3],"9":[2,1],"10":[1,0],"11":[1,0],"12":[5],"13":[1],"14":[1],"15":[2],"16":[1],"17":[1],"18":[1],"19":[2,3],"20":[1,2],"21":[4],"22":[4,5],"23":[1],"24":[1],"25":[2],"26":[1],"27":[1],"28":[1],"29":[1,3],"30":[1,2],"31":[3],"32":[4],"33":[0,0],"34":[0],"35":[0],"36":[0],"37":[0],"38":[0],"39":[0],"40":[0,0],"41":[0,0],"42":[0],"43":[0,0],"44":[0],"45":[0],"46":[0],"47":[3,2,3,1],"48":[2],"49":[1],"50":[2,3],"51":[0],"52":[0],"53":[3,2,0],"54":[2],"55":[2],"56":[4,4],"57":[1],"58":[1,3],"59":[4,2],"60":[1,2],"61":[1,1]}}
,"/usr/src/app/tests/testDb.ts": {"path":"/usr/src/app/tests/testDb.ts","statementMap":{"0":{"start":{"line":1,"column":0},"end":{"line":1,"column":38}},"1":{"start":{"line":2,"column":0},"end":{"line":2,"column":34}},"2":{"start":{"line":3,"column":0},"end":{"line":3,"column":46}},"3":{"start":{"line":10,"column":31},"end":{"line":23,"column":2}},"4":{"start":{"line":10,"column":42},"end":{"line":23,"column":2}},"5":{"start":{"line":12,"column":22},"end":{"line":12,"column":62}},"6":{"start":{"line":13,"column":17},"end":{"line":13,"column":55}},"7":{"start":{"line":14,"column":2},"end":{"line":16,"column":5}},"8":{"start":{"line":15,"column":4},"end":{"line":15,"column":69}},"9":{"start":{"line":17,"column":2},"end":{"line":17,"column":30}},"10":{"start":{"line":18,"column":22},"end":{"line":19,"column":null}},"11":{"start":{"line":21,"column":2},"end":{"line":21,"column":37}},"12":{"start":{"line":22,"column":2},"end":{"line":22,"column":23}},"13":{"start":{"line":10,"column":13},"end":{"line":10,"column":31}},"14":{"start":{"line":30,"column":26},"end":{"line":42,"column":2}},"15":{"start":{"line":30,"column":57},"end":{"line":42,"column":2}},"16":{"start":{"line":32,"column":2},"end":{"line":34,"column":3}},"17":{"start":{"line":33,"column":4},"end":{"line":33,"column":28}},"18":{"start":{"line":36,"column":22},"end":{"line":36,"column":62}},"19":{"start":{"line":37,"column":17},"end":{"line":37,"column":44}},"20":{"start":{"line":38,"column":2},"end":{"line":40,"column":5}},"21":{"start":{"line":39,"column":4},"end":{"line":39,"column":69}},"22":{"start":{"line":41,"column":2},"end":{"line":41,"column":30}},"23":{"start":{"line":30,"column":13},"end":{"line":30,"column":26}}},"fnMap":{"0":{"name":"(anonymous_8)","decl":{"start":{"line":10,"column":31},"end":{"line":10,"column":40}},"loc":{"start":{"line":10,"column":42},"end":{"line":23,"column":2}}},"1":{"name":"(anonymous_9)","decl":{"start":{"line":10,"column":42},"end":{"line":10,"column":null}},"loc":{"start":{"line":10,"column":42},"end":{"line":23,"column":1}}},"2":{"name":"(anonymous_10)","decl":{"start":{"line":14,"column":64},"end":{"line":14,"column":65}},"loc":{"start":{"line":14,"column":77},"end":{"line":16,"column":3}}},"3":{"name":"(anonymous_11)","decl":{"start":{"line":30,"column":26},"end":{"line":30,"column":33}},"loc":{"start":{"line":30,"column":57},"end":{"line":42,"column":2}}},"4":{"name":"(anonymous_12)","decl":{"start":{"line":30,"column":57},"end":{"line":30,"column":null}},"loc":{"start":{"line":30,"column":57},"end":{"line":42,"column":1}}},"5":{"name":"(anonymous_13)","decl":{"start":{"line":38,"column":62},"end":{"line":38,"column":63}},"loc":{"start":{"line":38,"column":75},"end":{"line":40,"column":3}}}},"branchMap":{"0":{"loc":{"start":{"line":32,"column":2},"end":{"line":34,"column":3}},"type":"if","locations":[{"start":{"line":32,"column":2},"end":{"line":34,"column":3}}]}},"s":{"0":2,"1":2,"2":2,"3":2,"4":10,"5":10,"6":10,"7":10,"8":0,"9":10,"10":10,"11":10,"12":10,"13":2,"14":2,"15":10,"16":10,"17":10,"18":10,"19":10,"20":10,"21":0,"22":10,"23":2},"f":{"0":10,"1":10,"2":0,"3":10,"4":10,"5":0},"b":{"0":[10]}}
}
