TN:
SF:app.ts
FN:7,(anonymous_1)
FNF:1
FNH:1
FNDA:10,(anonymous_1)
DA:1,2
DA:3,2
DA:4,2
DA:5,2
DA:7,2
DA:9,10
DA:12,10
DA:13,10
DA:16,10
DA:17,10
DA:19,10
DA:22,2
LF:12
LH:12
BRF:0
BRH:0
end_of_record
TN:
SF:databaseModels.ts
FN:3,(anonymous_0)
FNF:1
FNH:1
FNDA:20,(anonymous_0)
DA:1,2
DA:3,2
DA:10,20
DA:42,20
DA:65,20
DA:68,20
DA:74,20
DA:90,20
DA:109,20
DA:132,20
DA:135,20
DA:141,20
DA:144,20
DA:150,20
DA:166,20
DA:186,20
DA:201,20
DA:224,20
DA:227,20
DA:232,20
DA:235,20
DA:240,20
DA:243,20
DA:249,20
DA:272,20
DA:287,20
DA:307,20
DA:336,20
DA:337,20
DA:342,20
DA:345,20
DA:351,20
DA:354,20
DA:360,20
DA:363,20
DA:369,20
DA:372,20
DA:376,20
LF:38
LH:38
BRF:0
BRH:0
end_of_record
TN:
SF:setup_database.ts
FN:5,setupDatabase
FN:12,(anonymous_10)
FN:15,(anonymous_11)
FN:21,(anonymous_12)
FN:31,(anonymous_13)
FN:39,(anonymous_14)
FN:47,(anonymous_15)
FN:52,(anonymous_16)
FN:77,loadDatabaseJSON
FN:112,(anonymous_19)
FNF:10
FNH:2
FNDA:10,setupDatabase
FNDA:10,(anonymous_10)
FNDA:0,(anonymous_11)
FNDA:0,(anonymous_12)
FNDA:0,(anonymous_13)
FNDA:0,(anonymous_14)
FNDA:0,(anonymous_15)
FNDA:0,(anonymous_16)
FNDA:0,loadDatabaseJSON
FNDA:0,(anonymous_19)
DA:1,2
DA:2,2
DA:3,2
DA:7,10
DA:8,10
DA:10,10
DA:13,10
DA:16,0
DA:19,10
DA:22,0
DA:27,10
DA:32,0
DA:37,10
DA:40,0
DA:45,10
DA:48,0
DA:50,10
DA:53,0
DA:78,0
DA:79,0
DA:80,0
DA:81,0
DA:83,0
DA:86,0
DA:89,0
DA:94,2
DA:96,0
DA:97,0
DA:98,0
DA:99,0
DA:101,0
DA:102,0
DA:104,0
DA:110,0
DA:113,0
DA:114,0
DA:115,0
DA:117,0
DA:118,0
DA:119,0
DA:120,0
DA:122,0
DA:128,2
LF:43
LH:14
BRDA:79,0,0,0
BRDA:79,0,1,0
BRDA:94,1,0,0
BRDA:98,2,0,0
BRDA:101,3,0,0
BRDA:117,4,0,0
BRDA:117,4,1,0
BRDA:119,5,0,0
BRF:8
BRH:0
end_of_record
TN:
SF:routes/exampleRoute.ts
FN:5,(anonymous_1)
FNF:1
FNH:1
FNDA:1,(anonymous_1)
DA:1,2
DA:2,2
DA:5,2
DA:6,1
DA:9,2
LF:5
LH:5
BRF:0
BRH:0
end_of_record
TN:
SF:routes/retailerRoute.ts
FN:7,(anonymous_8)
FN:7,(anonymous_9)
FN:46,(anonymous_10)
FN:53,(anonymous_11)
FN:63,(anonymous_12)
FN:63,(anonymous_13)
FN:129,(anonymous_14)
FN:170,(anonymous_15)
FN:170,(anonymous_16)
FN:273,(anonymous_17)
FN:328,(anonymous_18)
FN:328,(anonymous_19)
FN:445,(anonymous_20)
FN:514,(anonymous_21)
FN:514,(anonymous_22)
FN:636,(anonymous_23)
FN:664,(anonymous_24)
FN:664,(anonymous_25)
FN:699,(anonymous_26)
FN:702,(anonymous_27)
FN:706,(anonymous_28)
FN:710,(anonymous_29)
FN:721,(anonymous_30)
FN:721,(anonymous_31)
FN:740,(anonymous_32)
FN:740,(anonymous_33)
FN:743,(anonymous_34)
FN:816,(anonymous_35)
FN:816,(anonymous_36)
FN:866,(anonymous_37)
FN:882,(anonymous_38)
FN:882,(anonymous_39)
FNF:32
FNH:29
FNDA:2,(anonymous_8)
FNDA:2,(anonymous_9)
FNDA:4,(anonymous_10)
FNDA:2,(anonymous_11)
FNDA:5,(anonymous_12)
FNDA:5,(anonymous_13)
FNDA:1,(anonymous_14)
FNDA:10,(anonymous_15)
FNDA:10,(anonymous_16)
FNDA:16,(anonymous_17)
FNDA:9,(anonymous_18)
FNDA:9,(anonymous_19)
FNDA:10,(anonymous_20)
FNDA:0,(anonymous_21)
FNDA:0,(anonymous_22)
FNDA:0,(anonymous_23)
FNDA:3,(anonymous_24)
FNDA:3,(anonymous_25)
FNDA:9,(anonymous_26)
FNDA:10,(anonymous_27)
FNDA:12,(anonymous_28)
FNDA:13,(anonymous_29)
FNDA:5,(anonymous_30)
FNDA:5,(anonymous_31)
FNDA:5,(anonymous_32)
FNDA:5,(anonymous_33)
FNDA:5,(anonymous_34)
FNDA:4,(anonymous_35)
FNDA:4,(anonymous_36)
FNDA:4,(anonymous_37)
FNDA:1,(anonymous_38)
FNDA:1,(anonymous_39)
DA:1,2
DA:2,2
DA:3,2
DA:5,2
DA:7,2
DA:9,2
DA:13,2
DA:14,1
DA:23,1
DA:27,2
DA:32,2
DA:46,4
DA:52,2
DA:54,2
DA:63,5
DA:65,5
DA:67,5
DA:70,5
DA:71,3
DA:74,2
DA:75,0
DA:78,2
DA:79,0
DA:83,2
DA:90,5
DA:91,0
DA:94,5
DA:95,2
DA:101,3
DA:102,2
DA:110,1
DA:129,1
DA:130,1
DA:138,5
DA:170,10
DA:171,10
DA:172,10
DA:174,10
DA:177,10
DA:178,10
DA:180,5
DA:181,1
DA:184,4
DA:188,9
DA:189,1
DA:192,8
DA:193,2
DA:197,8
DA:198,1
DA:204,7
DA:205,1
DA:211,6
DA:212,1
DA:215,5
DA:216,5
DA:218,5
DA:226,5
DA:227,5
DA:228,2
DA:229,3
DA:230,1
DA:232,2
DA:236,5
DA:261,5
DA:268,5
DA:269,4
DA:273,5
DA:274,16
DA:277,16
DA:280,5
DA:282,0
DA:283,0
DA:328,9
DA:329,9
DA:330,9
DA:332,9
DA:335,9
DA:336,9
DA:338,4
DA:339,1
DA:342,3
DA:344,5
DA:350,8
DA:351,8
DA:354,8
DA:355,1
DA:359,7
DA:360,2
DA:364,7
DA:365,1
DA:371,6
DA:372,1
DA:378,5
DA:379,1
DA:383,4
DA:391,4
DA:394,4
DA:395,1
DA:396,3
DA:397,1
DA:399,2
DA:403,4
DA:432,4
DA:439,4
DA:440,3
DA:445,4
DA:446,10
DA:447,10
DA:448,10
DA:452,10
DA:453,4
DA:460,10
DA:464,4
DA:466,4
DA:468,0
DA:469,0
DA:514,2
DA:515,0
DA:516,0
DA:518,0
DA:521,0
DA:522,0
DA:524,0
DA:525,0
DA:528,0
DA:530,0
DA:536,0
DA:537,0
DA:540,0
DA:541,0
DA:545,0
DA:546,0
DA:550,0
DA:551,0
DA:557,0
DA:558,0
DA:564,0
DA:565,0
DA:569,0
DA:577,0
DA:580,0
DA:581,0
DA:582,0
DA:583,0
DA:585,0
DA:589,0
DA:616,0
DA:617,0
DA:623,0
DA:630,0
DA:631,0
DA:636,0
DA:637,0
DA:638,0
DA:639,0
DA:643,0
DA:644,0
DA:651,0
DA:655,0
DA:657,0
DA:659,0
DA:660,0
DA:664,3
DA:665,3
DA:666,3
DA:668,3
DA:672,0
DA:677,3
DA:680,3
DA:681,2
DA:683,3
DA:684,1
DA:687,3
DA:693,3
DA:699,3
DA:700,9
DA:702,3
DA:703,10
DA:706,12
DA:710,13
DA:715,3
DA:721,5
DA:723,5
DA:725,5
DA:728,5
DA:729,5
DA:734,5
DA:735,0
DA:739,5
DA:740,5
DA:741,5
DA:743,5
DA:744,5
DA:745,0
DA:749,5
DA:750,5
DA:751,5
DA:757,3
DA:762,3
DA:763,2
DA:765,3
DA:769,3
DA:770,4
DA:776,4
DA:777,2
DA:788,3
DA:791,2
DA:795,2
DA:796,1
DA:805,2
DA:807,0
DA:811,5
DA:816,4
DA:818,4
DA:819,4
DA:823,4
DA:824,1
DA:827,3
DA:829,1
DA:840,2
DA:842,1
DA:855,1
DA:866,3
DA:867,4
DA:877,3
DA:882,2
DA:883,1
DA:885,1
DA:886,1
DA:887,1
DA:891,0
DA:897,2
LF:232
LH:175
BRDA:13,0,0,1
BRDA:13,0,1,1
BRDA:13,1,0,2
BRDA:13,1,1,1
BRDA:13,1,2,1
BRDA:13,1,3,1
BRDA:70,2,0,3
BRDA:70,2,1,2
BRDA:70,3,0,5
BRDA:70,3,1,3
BRDA:74,4,0,0
BRDA:74,4,1,2
BRDA:78,5,0,0
BRDA:78,5,1,2
BRDA:90,6,0,0
BRDA:90,6,1,5
BRDA:90,7,0,5
BRDA:90,7,1,2
BRDA:94,8,0,2
BRDA:94,8,1,3
BRDA:101,9,0,2
BRDA:101,9,1,1
BRDA:118,10,0,1
BRDA:118,10,1,0
BRDA:121,11,0,1
BRDA:121,11,1,0
BRDA:178,12,0,5
BRDA:180,13,0,1
BRDA:188,14,0,1
BRDA:192,15,0,2
BRDA:197,16,0,1
BRDA:204,17,0,1
BRDA:211,18,0,1
BRDA:227,19,0,2
BRDA:227,19,1,3
BRDA:229,20,0,1
BRDA:229,20,1,2
BRDA:268,21,0,4
BRDA:336,22,0,4
BRDA:336,22,1,5
BRDA:338,23,0,1
BRDA:354,24,0,1
BRDA:359,25,0,2
BRDA:364,26,0,1
BRDA:371,27,0,1
BRDA:378,28,0,1
BRDA:394,29,0,1
BRDA:394,29,1,3
BRDA:396,30,0,1
BRDA:396,30,1,2
BRDA:439,31,0,3
BRDA:452,32,0,4
BRDA:522,33,0,0
BRDA:522,33,1,0
BRDA:524,34,0,0
BRDA:540,35,0,0
BRDA:545,36,0,0
BRDA:550,37,0,0
BRDA:557,38,0,0
BRDA:564,39,0,0
BRDA:580,40,0,0
BRDA:580,40,1,0
BRDA:582,41,0,0
BRDA:582,41,1,0
BRDA:616,42,0,0
BRDA:616,43,0,0
BRDA:616,43,1,0
BRDA:630,44,0,0
BRDA:643,45,0,0
BRDA:668,46,0,0
BRDA:669,47,0,3
BRDA:669,47,1,2
BRDA:669,47,2,3
BRDA:669,47,3,1
BRDA:680,48,0,2
BRDA:683,49,0,1
BRDA:728,50,0,2
BRDA:728,50,1,3
BRDA:734,51,0,0
BRDA:744,52,0,0
BRDA:751,53,0,3
BRDA:751,53,1,2
BRDA:751,53,2,0
BRDA:762,54,0,2
BRDA:776,55,0,2
BRDA:776,56,0,4
BRDA:776,56,1,4
BRDA:795,57,0,1
BRDA:823,58,0,1
BRDA:823,58,1,3
BRDA:823,59,0,4
BRDA:823,59,1,2
BRDA:827,60,0,1
BRDA:827,60,1,2
BRDA:840,61,0,1
BRDA:840,61,1,1
BRF:96
BRH:70
end_of_record
TN:
SF:tests/testDb.ts
FN:10,(anonymous_8)
FN:10,(anonymous_9)
FN:14,(anonymous_10)
FN:30,(anonymous_11)
FN:30,(anonymous_12)
FN:38,(anonymous_13)
FNF:6
FNH:4
FNDA:10,(anonymous_8)
FNDA:10,(anonymous_9)
FNDA:0,(anonymous_10)
FNDA:10,(anonymous_11)
FNDA:10,(anonymous_12)
FNDA:0,(anonymous_13)
DA:1,2
DA:2,2
DA:3,2
DA:10,10
DA:12,10
DA:13,10
DA:14,10
DA:15,0
DA:17,10
DA:18,10
DA:21,10
DA:22,10
DA:30,10
DA:32,10
DA:33,10
DA:36,10
DA:37,10
DA:38,10
DA:39,0
DA:41,10
LF:20
LH:18
BRDA:32,0,0,10
BRF:1
BRH:1
end_of_record
